<component name="libraryTable">
  <library name="junit.jupiter" type="repository">
    <properties maven-id="org.junit.jupiter:junit-jupiter:5.11.4" />
    <CLASSES>
      <root url="jar://$USER_HOME$/javaLibs/junit-all5.11.4/junit-jupiter-5.11.4.jar!/" />
      <root url="jar://$USER_HOME$/javaLibs/junit-all5.11.4/junit-jupiter-api-5.11.4.jar!/" />
      <root url="jar://$USER_HOME$/javaLibs/junit-all5.11.4/opentest4j-1.3.0.jar!/" />
      <root url="jar://$USER_HOME$/javaLibs/junit-all5.11.4/junit-platform-commons-1.11.4.jar!/" />
      <root url="jar://$USER_HOME$/javaLibs/junit-all5.11.4/apiguardian-api-1.1.2.jar!/" />
      <root url="jar://$USER_HOME$/javaLibs/junit-all5.11.4/junit-jupiter-params-5.11.4.jar!/" />
      <root url="jar://$USER_HOME$/javaLibs/junit-all5.11.4/junit-jupiter-engine-5.11.4.jar!/" />
      <root url="jar://$USER_HOME$/javaLibs/junit-all5.11.4/junit-platform-engine-1.11.4.jar!/" />
    </CLASSES>
    <JAVADOC>
      <root url="jar://$USER_HOME$/javaLibs/junit-all5.11.4/junit-jupiter-5.11.4-javadoc.jar!/" />
      <root url="jar://$USER_HOME$/javaLibs/junit-all5.11.4/junit-jupiter-api-5.11.4-javadoc.jar!/" />
      <root url="jar://$USER_HOME$/javaLibs/junit-all5.11.4/opentest4j-1.3.0-javadoc.jar!/" />
      <root url="jar://$USER_HOME$/javaLibs/junit-all5.11.4/junit-platform-commons-1.11.4-javadoc.jar!/" />
      <root url="jar://$USER_HOME$/javaLibs/junit-all5.11.4/apiguardian-api-1.1.2-javadoc.jar!/" />
      <root url="jar://$USER_HOME$/javaLibs/junit-all5.11.4/junit-jupiter-params-5.11.4-javadoc.jar!/" />
      <root url="jar://$USER_HOME$/javaLibs/junit-all5.11.4/junit-jupiter-engine-5.11.4-javadoc.jar!/" />
      <root url="jar://$USER_HOME$/javaLibs/junit-all5.11.4/junit-platform-engine-1.11.4-javadoc.jar!/" />
    </JAVADOC>
    <SOURCES>
      <root url="jar://$USER_HOME$/javaLibs/junit-all5.11.4/junit-jupiter-5.11.4-sources.jar!/" />
      <root url="jar://$USER_HOME$/javaLibs/junit-all5.11.4/junit-jupiter-api-5.11.4-sources.jar!/" />
      <root url="jar://$USER_HOME$/javaLibs/junit-all5.11.4/opentest4j-1.3.0-sources.jar!/" />
      <root url="jar://$USER_HOME$/javaLibs/junit-all5.11.4/junit-platform-commons-1.11.4-sources.jar!/" />
      <root url="jar://$USER_HOME$/javaLibs/junit-all5.11.4/apiguardian-api-1.1.2-sources.jar!/" />
      <root url="jar://$USER_HOME$/javaLibs/junit-all5.11.4/junit-jupiter-params-5.11.4-sources.jar!/" />
      <root url="jar://$USER_HOME$/javaLibs/junit-all5.11.4/junit-jupiter-engine-5.11.4-sources.jar!/" />
      <root url="jar://$USER_HOME$/javaLibs/junit-all5.11.4/junit-platform-engine-1.11.4-sources.jar!/" />
    </SOURCES>
  </library>
</component>